timestamp: 2018-01-15T23:56:59.405000
CREATE TABLE "auth_user"(
    "id" INTEGER PRIMARY KEY AUTOINCREMENT,
    "first_name" CHAR(128),
    "last_name" CHAR(128),
    "email" CHAR(512),
    "password" CHAR(512),
    "registration_key" CHAR(512),
    "reset_password_key" CHAR(512),
    "registration_id" CHAR(512)
);
success!
timestamp: 2018-01-15T23:56:59.494000
CREATE TABLE "auth_group"(
    "id" INTEGER PRIMARY KEY AUTOINCREMENT,
    "role" CHAR(512),
    "description" TEXT
);
success!
timestamp: 2018-01-15T23:56:59.585000
CREATE TABLE "auth_membership"(
    "id" INTEGER PRIMARY KEY AUTOINCREMENT,
    "user_id" INTEGER REFERENCES "auth_user" ("id") ON DELETE CASCADE  ,
    "group_id" INTEGER REFERENCES "auth_group" ("id") ON DELETE CASCADE  
);
success!
timestamp: 2018-01-15T23:56:59.680000
CREATE TABLE "auth_permission"(
    "id" INTEGER PRIMARY KEY AUTOINCREMENT,
    "group_id" INTEGER REFERENCES "auth_group" ("id") ON DELETE CASCADE  ,
    "name" CHAR(512),
    "table_name" CHAR(512),
    "record_id" INTEGER
);
success!
timestamp: 2018-01-15T23:56:59.773000
CREATE TABLE "auth_event"(
    "id" INTEGER PRIMARY KEY AUTOINCREMENT,
    "time_stamp" TIMESTAMP,
    "client_ip" CHAR(512),
    "user_id" INTEGER REFERENCES "auth_user" ("id") ON DELETE CASCADE  ,
    "origin" CHAR(512),
    "description" TEXT
);
success!
timestamp: 2018-01-15T23:56:59.871000
CREATE TABLE "auth_cas"(
    "id" INTEGER PRIMARY KEY AUTOINCREMENT,
    "user_id" INTEGER REFERENCES "auth_user" ("id") ON DELETE CASCADE  ,
    "created_on" TIMESTAMP,
    "service" CHAR(512),
    "ticket" CHAR(512),
    "renew" CHAR(1)
);
success!
timestamp: 2018-01-15T23:57:59.407000
CREATE TABLE "cata"(
    "id" INTEGER PRIMARY KEY AUTOINCREMENT
);
success!
timestamp: 2018-01-15T23:58:59.381000
CREATE TABLE "category"(
    "id" INTEGER PRIMARY KEY AUTOINCREMENT,
    "name" CHAR(512)
);
success!
timestamp: 2018-01-16T00:00:59.439000
CREATE TABLE "post"(
    "id" INTEGER PRIMARY KEY AUTOINCREMENT,
    "category" INTEGER REFERENCES "category" ("id") ON DELETE CASCADE  ,
    "title" CHAR(512),
    "body" TEXT,
    "is_active" CHAR(1),
    "created_on" TIMESTAMP,
    "created_by" INTEGER REFERENCES "auth_user" ("id") ON DELETE CASCADE  ,
    "modified_on" TIMESTAMP,
    "modified_by" INTEGER REFERENCES "auth_user" ("id") ON DELETE CASCADE  
);
success!
timestamp: 2018-01-16T00:02:59.298000
ALTER TABLE "post" ADD "votes" INTEGER;
success!
timestamp: 2018-01-16T00:05:59.507000
CREATE TABLE "vote"(
    "id" INTEGER PRIMARY KEY AUTOINCREMENT,
    "post" INTEGER REFERENCES "post" ("id") ON DELETE CASCADE  ,
    "score" INTEGER
);
success!
timestamp: 2018-01-16T00:06:59.279000
ALTER TABLE "vote" ADD "modified_by" INTEGER REFERENCES "auth_user" ("id") ON DELETE CASCADE  ;
timestamp: 2018-01-16T00:06:59.375000
ALTER TABLE "vote" ADD "is_active" CHAR(1);
timestamp: 2018-01-16T00:06:59.466000
ALTER TABLE "vote" ADD "created_by" INTEGER REFERENCES "auth_user" ("id") ON DELETE CASCADE  ;
timestamp: 2018-01-16T00:06:59.553000
ALTER TABLE "vote" ADD "created_on" TIMESTAMP;
timestamp: 2018-01-16T00:06:59.671000
ALTER TABLE "vote" ADD "modified_on" TIMESTAMP;
success!
timestamp: 2018-01-16T00:07:59.292000
CREATE TABLE "comments"(
    "id" INTEGER PRIMARY KEY AUTOINCREMENT,
    "post" INTEGER REFERENCES "post" ("id") ON DELETE CASCADE  ,
    "parent_comment" INTEGER REFERENCES "comments" ("id") ON DELETE CASCADE  ,
    "body" TEXT,
    "is_active" CHAR(1),
    "created_on" TIMESTAMP,
    "created_by" INTEGER REFERENCES "auth_user" ("id") ON DELETE CASCADE  ,
    "modified_on" TIMESTAMP,
    "modified_by" INTEGER REFERENCES "auth_user" ("id") ON DELETE CASCADE  
);
success!
timestamp: 2018-01-16T00:10:59.311000
ALTER TABLE "comments" ADD "votes" INTEGER;
success!
timestamp: 2018-01-16T00:12:59.290000
CREATE TABLE "comm"(
    "id" INTEGER PRIMARY KEY AUTOINCREMENT,
    "post" INTEGER REFERENCES "post" ("id") ON DELETE CASCADE  ,
    "parent_comm" INTEGER REFERENCES "comm" ("id") ON DELETE CASCADE  ,
    "votes" INTEGER,
    "body" TEXT,
    "is_active" CHAR(1),
    "created_on" TIMESTAMP,
    "created_by" INTEGER REFERENCES "auth_user" ("id") ON DELETE CASCADE  ,
    "modified_on" TIMESTAMP,
    "modified_by" INTEGER REFERENCES "auth_user" ("id") ON DELETE CASCADE  
);
success!
timestamp: 2018-01-16T00:14:20.525000
CREATE TABLE "comm_vote"(
    "id" INTEGER PRIMARY KEY AUTOINCREMENT,
    "comm" INTEGER REFERENCES "comm" ("id") ON DELETE CASCADE  ,
    "score" INTEGER,
    "is_active" CHAR(1),
    "created_on" TIMESTAMP,
    "created_by" INTEGER REFERENCES "auth_user" ("id") ON DELETE CASCADE  ,
    "modified_on" TIMESTAMP,
    "modified_by" INTEGER REFERENCES "auth_user" ("id") ON DELETE CASCADE  
);
success!
timestamp: 2018-01-21T17:37:04.390000
ALTER TABLE "post" ADD "url" CHAR(512);
success!
